<?xml version="1.0" encoding="UTF-8"?>
<!-- Generated by org.testng.reporters.JUnitXMLReporter -->
<testsuite hostname="hp" ignored="0" name="Perform Logout" tests="3" failures="0" timestamp="2020-05-21T17:50:03 IST" time="33.781" errors="0">
  <testcase name="clickOnLogin" time="7.436" classname="SeleniumAutomation.EndToEndProject.PerformLogoutTest"/>
  <testcase name="performLogin" time="5.649" classname="SeleniumAutomation.EndToEndProject.PerformLogoutTest"/>
  <testcase name="performLogout" time="11.747" classname="SeleniumAutomation.EndToEndProject.PerformLogoutTest"/>
</testsuite> <!-- Perform Logout -->
