<?xml version="1.0" encoding="UTF-8"?>
<!-- Generated by org.testng.reporters.JUnitXMLReporter -->
<testsuite hostname="hp" ignored="0" name="Perform Login" tests="2" failures="0" timestamp="2020-05-21T17:49:51 IST" time="21.782" errors="0">
  <testcase name="clickOnLogin" time="8.471" classname="SeleniumAutomation.EndToEndProject.PerformLoginTest"/>
  <testcase name="performLogin" time="4.969" classname="SeleniumAutomation.EndToEndProject.PerformLoginTest"/>
</testsuite> <!-- Perform Login -->
