<?xml version="1.0" encoding="UTF-8"?>
<!-- Generated by org.testng.reporters.JUnitXMLReporter -->
<testsuite hostname="hp" ignored="0" name="Photography Learning Page Test" tests="5" failures="0" timestamp="2020-08-15T01:37:49 IST" time="32.885" errors="0">
  <testcase name="clickOnLogin" time="7.131" classname="SeleniumAutomation.EndToEndProject.LearningWebsiteTest"/>
  <testcase name="performLogin" time="5.765" classname="SeleniumAutomation.EndToEndProject.LearningWebsiteTest"/>
  <testcase name="navigateToMyCourses" time="4.414" classname="SeleniumAutomation.EndToEndProject.LearningWebsiteTest"/>
  <testcase name="performHover" time="2.847" classname="SeleniumAutomation.EndToEndProject.LearningWebsiteTest"/>
  <testcase name="performLogout" time="1.296" classname="SeleniumAutomation.EndToEndProject.LearningWebsiteTest"/>
</testsuite> <!-- Photography Learning Page Test -->
